[   177.131] _XSERVTransSocketUNIXCreateListener: ...SocketCreateListener() failed
[   177.131] _XSERVTransMakeAllCOTSServerListeners: server already running
[   177.131] (--) Log file renamed from "/home/user/.local/share/xorg/Xorg.pid-3250.log" to "/home/user/.local/share/xorg/Xorg.1.log"
[   177.131] 
X.Org X Server 1.18.3
Release Date: 2016-04-04
[   177.131] X Protocol Version 11, Revision 0
[   177.131] Build Operating System: Linux 3.13.0-86-generic x86_64 Ubuntu
[   177.131] Current Operating System: Linux sys012 4.4.0-31-generic #50-Ubuntu SMP Wed Jul 13 00:07:12 UTC 2016 x86_64
[   177.131] Kernel command line: BOOT_IMAGE=/boot/vmlinuz-4.4.0-31-generic root=UUID=621e2d81-3f2b-400a-a254-665b6266f639 ro quiet splash vt.handoff=7
[   177.131] Build Date: 18 May 2016  01:07:07AM
[   177.131] xorg-server 2:1.18.3-1ubuntu2.2 (For technical support please see http://www.ubuntu.com/support) 
[   177.131] Current version of pixman: 0.33.6
[   177.131] 	Before reporting problems, check http://wiki.x.org
	to make sure that you have the latest version.
[   177.131] Markers: (--) probed, (**) from config file, (==) default setting,
	(++) from command line, (!!) notice, (II) informational,
	(WW) warning, (EE) error, (NI) not implemented, (??) unknown.
[   177.131] (==) Log file: "/home/user/.local/share/xorg/Xorg.1.log", Time: Thu Mar 14 18:52:52 2019
[   177.132] (==) Using system config directory "/usr/share/X11/xorg.conf.d"
[   177.132] (==) No Layout section.  Using the first Screen section.
[   177.132] (==) No screen section available. Using defaults.
[   177.132] (**) |-->Screen "Default Screen Section" (0)
[   177.132] (**) |   |-->Monitor "<default monitor>"
[   177.132] (==) No monitor specified for screen "Default Screen Section".
	Using a default monitor configuration.
[   177.132] (==) Automatically adding devices
[   177.132] (==) Automatically enabling devices
[   177.132] (==) Automatically adding GPU devices
[   177.132] (==) Max clients allowed: 256, resource mask: 0x1fffff
[   177.132] (WW) The directory "/usr/share/fonts/X11/cyrillic" does not exist.
[   177.132] 	Entry deleted from font path.
[   177.132] (WW) The directory "/usr/share/fonts/X11/100dpi/" does not exist.
[   177.132] 	Entry deleted from font path.
[   177.132] (WW) The directory "/usr/share/fonts/X11/75dpi/" does not exist.
[   177.132] 	Entry deleted from font path.
[   177.132] (WW) The directory "/usr/share/fonts/X11/100dpi" does not exist.
[   177.132] 	Entry deleted from font path.
[   177.132] (WW) The directory "/usr/share/fonts/X11/75dpi" does not exist.
[   177.132] 	Entry deleted from font path.
[   177.132] (==) FontPath set to:
	/usr/share/fonts/X11/misc,
	/usr/share/fonts/X11/Type1,
	built-ins
[   177.132] (==) ModulePath set to "/usr/lib/x86_64-linux-gnu/xorg/extra-modules,/usr/lib/xorg/extra-modules,/usr/lib/xorg/modules"
[   177.132] (II) The server relies on udev to provide the list of input devices.
	If no devices become available, reconfigure udev or disable AutoAddDevices.
[   177.132] (II) Loader magic: 0x563ea495fda0
[   177.132] (II) Module ABI versions:
[   177.132] 	X.Org ANSI C Emulation: 0.4
[   177.132] 	X.Org Video Driver: 20.0
[   177.132] 	X.Org XInput driver : 22.1
[   177.132] 	X.Org Server Extension : 9.0
[   177.133] (++) using VT number 2

[   177.136] (II) systemd-logind: took control of session /org/freedesktop/login1/session/_32
[   177.136] (II) xfree86: Adding drm device (/dev/dri/card0)
[   177.137] (II) systemd-logind: got fd for /dev/dri/card0 226:0 fd 10 paused 0
[   177.138] (--) PCI:*(0:0:2:0) 8086:0112:105b:0d93 rev 9, Mem @ 0xf7800000/4194304, 0xe0000000/268435456, I/O @ 0x0000f000/64
[   177.138] (II) LoadModule: "glx"
[   177.138] (II) Loading /usr/lib/xorg/modules/extensions/libglx.so
[   177.139] (II) Module glx: vendor="X.Org Foundation"
[   177.139] 	compiled for 1.18.3, module version = 1.0.0
[   177.139] 	ABI class: X.Org Server Extension, version 9.0
[   177.139] (==) AIGLX enabled
[   177.139] (==) Matched intel as autoconfigured driver 0
[   177.139] (==) Matched intel as autoconfigured driver 1
[   177.139] (==) Matched modesetting as autoconfigured driver 2
[   177.139] (==) Matched fbdev as autoconfigured driver 3
[   177.139] (==) Matched vesa as autoconfigured driver 4
[   177.139] (==) Assigned the driver to the xf86ConfigLayout
[   177.139] (II) LoadModule: "intel"
[   177.139] (II) Loading /usr/lib/xorg/modules/drivers/intel_drv.so
[   177.140] (II) Module intel: vendor="X.Org Foundation"
[   177.140] 	compiled for 1.18.1, module version = 2.99.917
[   177.140] 	Module class: X.Org Video Driver
[   177.140] 	ABI class: X.Org Video Driver, version 20.0
[   177.140] (II) LoadModule: "modesetting"
[   177.140] (II) Loading /usr/lib/xorg/modules/drivers/modesetting_drv.so
[   177.140] (II) Module modesetting: vendor="X.Org Foundation"
[   177.140] 	compiled for 1.18.3, module version = 1.18.3
[   177.140] 	Module class: X.Org Video Driver
[   177.140] 	ABI class: X.Org Video Driver, version 20.0
[   177.140] (II) LoadModule: "fbdev"
[   177.140] (II) Loading /usr/lib/xorg/modules/drivers/fbdev_drv.so
[   177.140] (II) Module fbdev: vendor="X.Org Foundation"
[   177.140] 	compiled for 1.18.1, module version = 0.4.4
[   177.140] 	Module class: X.Org Video Driver
[   177.140] 	ABI class: X.Org Video Driver, version 20.0
[   177.140] (II) LoadModule: "vesa"
[   177.140] (II) Loading /usr/lib/xorg/modules/drivers/vesa_drv.so
[   177.140] (II) Module vesa: vendor="X.Org Foundation"
[   177.140] 	compiled for 1.18.1, module version = 2.3.4
[   177.140] 	Module class: X.Org Video Driver
[   177.140] 	ABI class: X.Org Video Driver, version 20.0
[   177.140] (II) intel: Driver for Intel(R) Integrated Graphics Chipsets:
	i810, i810-dc100, i810e, i815, i830M, 845G, 854, 852GM/855GM, 865G,
	915G, E7221 (i915), 915GM, 945G, 945GM, 945GME, Pineview GM,
	Pineview G, 965G, G35, 965Q, 946GZ, 965GM, 965GME/GLE, G33, Q35, Q33,
	GM45, 4 Series, G45/G43, Q45/Q43, G41, B43
[   177.141] (II) intel: Driver for Intel(R) HD Graphics: 2000-6000
[   177.141] (II) intel: Driver for Intel(R) Iris(TM) Graphics: 5100, 6100
[   177.141] (II) intel: Driver for Intel(R) Iris(TM) Pro Graphics: 5200, 6200, P6300
[   177.141] (II) modesetting: Driver for Modesetting Kernel Drivers: kms
[   177.141] (II) FBDEV: driver for framebuffer: fbdev
[   177.141] (II) VESA: driver for VESA chipsets: vesa
[   177.141] xf86EnableIOPorts: failed to set IOPL for I/O (Operation not permitted)
[   177.141] (II) intel(0): Using Kernel Mode Setting driver: i915, version 1.6.0 20151010
[   177.141] (II) intel(0): SNA compiled: xserver-xorg-video-intel 2:2.99.917+git20160325-1ubuntu1 (Timo Aaltonen <tjaalton@debian.org>)
[   177.141] (II) intel(0): SNA compiled for use with valgrind
[   177.141] (WW) Falling back to old probe method for modesetting
[   177.141] (WW) Falling back to old probe method for fbdev
[   177.141] (II) Loading sub module "fbdevhw"
[   177.141] (II) LoadModule: "fbdevhw"
[   177.141] (II) Loading /usr/lib/xorg/modules/libfbdevhw.so
[   177.141] (II) Module fbdevhw: vendor="X.Org Foundation"
[   177.141] 	compiled for 1.18.3, module version = 0.0.2
[   177.141] 	ABI class: X.Org Video Driver, version 20.0
[   177.141] (EE) open /dev/fb0: Permission denied
[   177.142] (WW) Falling back to old probe method for vesa
[   177.142] (WW) VGA arbiter: cannot open kernel arbiter, no multi-card support
[   177.142] (--) intel(0): Integrated Graphics Chipset: Intel(R) HD Graphics 3000
[   177.142] (--) intel(0): CPU: x86-64, sse2, sse3, ssse3, sse4.1, sse4.2, avx; using a maximum of 2 threads
[   177.142] (II) intel(0): Creating default Display subsection in Screen section
	"Default Screen Section" for depth/fbbpp 24/32
[   177.142] (==) intel(0): Depth 24, (--) framebuffer bpp 32
[   177.142] (==) intel(0): RGB weight 888
[   177.142] (==) intel(0): Default visual is TrueColor
[   177.142] (II) intel(0): Output VGA1 has no monitor section
[   177.142] (II) intel(0): Enabled output VGA1
[   177.142] (--) intel(0): Using a maximum size of 256x256 for hardware cursors
[   177.142] (II) intel(0): Output VIRTUAL1 has no monitor section
[   177.142] (II) intel(0): Enabled output VIRTUAL1
[   177.142] (--) intel(0): Output VGA1 using initial mode 1366x768 on pipe 0
[   177.142] (==) intel(0): TearFree disabled
[   177.142] (==) intel(0): DPI set to (96, 96)
[   177.142] (II) Loading sub module "dri2"
[   177.142] (II) LoadModule: "dri2"
[   177.142] (II) Module "dri2" already built-in
[   177.142] (II) Loading sub module "present"
[   177.142] (II) LoadModule: "present"
[   177.142] (II) Module "present" already built-in
[   177.142] (II) UnloadModule: "modesetting"
[   177.142] (II) Unloading modesetting
[   177.143] (II) UnloadModule: "fbdev"
[   177.143] (II) Unloading fbdev
[   177.143] (II) UnloadSubModule: "fbdevhw"
[   177.143] (II) Unloading fbdevhw
[   177.143] (II) UnloadModule: "vesa"
[   177.143] (II) Unloading vesa
[   177.143] (==) Depth 24 pixmap format is 32 bpp
[   177.143] (II) intel(0): SNA initialized with Sandybridge (gen6, gt2) backend
[   177.143] (==) intel(0): Backing store enabled
[   177.143] (==) intel(0): Silken mouse enabled
[   177.143] (II) intel(0): HW Cursor enabled
[   177.143] (II) intel(0): RandR 1.2 enabled, ignore the following RandR disabled message.
[   177.143] (==) intel(0): DPMS enabled
[   177.143] (==) intel(0): Display hotplug detection enabled
[   177.143] (II) intel(0): [DRI2] Setup complete
[   177.143] (II) intel(0): [DRI2]   DRI driver: i965
[   177.143] (II) intel(0): [DRI2]   VDPAU driver: va_gl
[   177.143] (II) intel(0): direct rendering: DRI2 enabled
[   177.143] (II) intel(0): hardware support for Present enabled
[   177.143] (--) RandR disabled
[   177.148] (II) SELinux: Disabled on system
[   177.157] (II) AIGLX: enabled GLX_MESA_copy_sub_buffer
[   177.157] (II) AIGLX: enabled GLX_ARB_create_context
[   177.157] (II) AIGLX: enabled GLX_ARB_create_context_profile
[   177.157] (II) AIGLX: enabled GLX_EXT_create_context_es{,2}_profile
[   177.157] (II) AIGLX: enabled GLX_INTEL_swap_event
[   177.157] (II) AIGLX: enabled GLX_SGI_swap_control and GLX_MESA_swap_control
[   177.157] (II) AIGLX: enabled GLX_EXT_framebuffer_sRGB
[   177.157] (II) AIGLX: enabled GLX_ARB_fbconfig_float
[   177.157] (II) AIGLX: enabled GLX_EXT_fbconfig_packed_float
[   177.157] (II) AIGLX: GLX_EXT_texture_from_pixmap backed by buffer objects
[   177.157] (II) AIGLX: enabled GLX_ARB_create_context_robustness
[   177.157] (II) AIGLX: Loaded and initialized i965
[   177.157] (II) GLX: Initialized DRI2 GL provider for screen 0
[   177.160] (II) intel(0): switch to mode 1366x768@60.0 on VGA1 using pipe 0, position (0, 0), rotation normal, reflection none
[   177.160] (II) intel(0): Setting screen physical size to 361 x 203
[   177.188] (II) config/udev: Adding input device Power Button (/dev/input/event1)
[   177.188] (**) Power Button: Applying InputClass "evdev keyboard catchall"
[   177.188] (II) LoadModule: "evdev"
[   177.189] (II) Loading /usr/lib/xorg/modules/input/evdev_drv.so
[   177.189] (II) Module evdev: vendor="X.Org Foundation"
[   177.189] 	compiled for 1.18.1, module version = 2.10.1
[   177.189] 	Module class: X.Org XInput Driver
[   177.189] 	ABI class: X.Org XInput driver, version 22.1
[   177.189] (II) systemd-logind: got fd for /dev/input/event1 13:65 fd 15 paused 0
[   177.189] (II) Using input driver 'evdev' for 'Power Button'
[   177.189] (**) Power Button: always reports core events
[   177.189] (**) evdev: Power Button: Device: "/dev/input/event1"
[   177.190] (--) evdev: Power Button: Vendor 0 Product 0x1
[   177.190] (--) evdev: Power Button: Found keys
[   177.190] (II) evdev: Power Button: Configuring as keyboard
[   177.190] (**) Option "config_info" "udev:/sys/devices/LNXSYSTM:00/LNXPWRBN:00/input/input1/event1"
[   177.190] (II) XINPUT: Adding extended input device "Power Button" (type: KEYBOARD, id 6)
[   177.190] (**) Option "xkb_rules" "evdev"
[   177.190] (**) Option "xkb_model" "pc105"
[   177.190] (**) Option "xkb_layout" "us"
[   177.190] (II) config/udev: Adding input device Video Bus (/dev/input/event3)
[   177.190] (**) Video Bus: Applying InputClass "evdev keyboard catchall"
[   177.191] (II) systemd-logind: got fd for /dev/input/event3 13:67 fd 16 paused 0
[   177.191] (II) Using input driver 'evdev' for 'Video Bus'
[   177.191] (**) Video Bus: always reports core events
[   177.191] (**) evdev: Video Bus: Device: "/dev/input/event3"
[   177.191] (--) evdev: Video Bus: Vendor 0 Product 0x6
[   177.191] (--) evdev: Video Bus: Found keys
[   177.191] (II) evdev: Video Bus: Configuring as keyboard
[   177.191] (**) Option "config_info" "udev:/sys/devices/LNXSYSTM:00/LNXSYBUS:00/PNP0A08:00/LNXVIDEO:00/input/input3/event3"
[   177.191] (II) XINPUT: Adding extended input device "Video Bus" (type: KEYBOARD, id 7)
[   177.191] (**) Option "xkb_rules" "evdev"
[   177.191] (**) Option "xkb_model" "pc105"
[   177.191] (**) Option "xkb_layout" "us"
[   177.192] (II) config/udev: Adding input device Power Button (/dev/input/event0)
[   177.192] (**) Power Button: Applying InputClass "evdev keyboard catchall"
[   177.192] (II) systemd-logind: got fd for /dev/input/event0 13:64 fd 17 paused 0
[   177.192] (II) Using input driver 'evdev' for 'Power Button'
[   177.192] (**) Power Button: always reports core events
[   177.192] (**) evdev: Power Button: Device: "/dev/input/event0"
[   177.192] (--) evdev: Power Button: Vendor 0 Product 0x1
[   177.192] (--) evdev: Power Button: Found keys
[   177.192] (II) evdev: Power Button: Configuring as keyboard
[   177.192] (**) Option "config_info" "udev:/sys/devices/LNXSYSTM:00/LNXSYBUS:00/PNP0C0C:00/input/input0/event0"
[   177.192] (II) XINPUT: Adding extended input device "Power Button" (type: KEYBOARD, id 8)
[   177.192] (**) Option "xkb_rules" "evdev"
[   177.192] (**) Option "xkb_model" "pc105"
[   177.192] (**) Option "xkb_layout" "us"
[   177.193] (II) config/udev: Adding input device PixArt USB Optical Mouse (/dev/input/event4)
[   177.193] (**) PixArt USB Optical Mouse: Applying InputClass "evdev pointer catchall"
[   177.194] (II) systemd-logind: got fd for /dev/input/event4 13:68 fd 18 paused 0
[   177.194] (II) Using input driver 'evdev' for 'PixArt USB Optical Mouse'
[   177.194] (**) PixArt USB Optical Mouse: always reports core events
[   177.194] (**) evdev: PixArt USB Optical Mouse: Device: "/dev/input/event4"
[   177.194] (--) evdev: PixArt USB Optical Mouse: Vendor 0x93a Product 0x2510
[   177.194] (--) evdev: PixArt USB Optical Mouse: Found 3 mouse buttons
[   177.194] (--) evdev: PixArt USB Optical Mouse: Found scroll wheel(s)
[   177.194] (--) evdev: PixArt USB Optical Mouse: Found relative axes
[   177.194] (--) evdev: PixArt USB Optical Mouse: Found x and y relative axes
[   177.194] (II) evdev: PixArt USB Optical Mouse: Configuring as mouse
[   177.194] (II) evdev: PixArt USB Optical Mouse: Adding scrollwheel support
[   177.194] (**) evdev: PixArt USB Optical Mouse: YAxisMapping: buttons 4 and 5
[   177.194] (**) evdev: PixArt USB Optical Mouse: EmulateWheelButton: 4, EmulateWheelInertia: 10, EmulateWheelTimeout: 200
[   177.194] (**) Option "config_info" "udev:/sys/devices/pci0000:00/0000:00:1a.0/usb1/1-1/1-1.4/1-1.4:1.0/0003:093A:2510.0001/input/input4/event4"
[   177.194] (II) XINPUT: Adding extended input device "PixArt USB Optical Mouse" (type: MOUSE, id 9)
[   177.194] (II) evdev: PixArt USB Optical Mouse: initialized for relative axes.
[   177.194] (**) PixArt USB Optical Mouse: (accel) keeping acceleration scheme 1
[   177.194] (**) PixArt USB Optical Mouse: (accel) acceleration profile 0
[   177.194] (**) PixArt USB Optical Mouse: (accel) acceleration factor: 2.000
[   177.194] (**) PixArt USB Optical Mouse: (accel) acceleration threshold: 4
[   177.195] (II) config/udev: Adding input device PixArt USB Optical Mouse (/dev/input/mouse0)
[   177.195] (II) No input driver specified, ignoring this device.
[   177.195] (II) This device may have been added with another device file.
[   177.195] (II) config/udev: Adding input device HDA Intel PCH Front Mic (/dev/input/event5)
[   177.195] (II) No input driver specified, ignoring this device.
[   177.195] (II) This device may have been added with another device file.
[   177.196] (II) config/udev: Adding input device HDA Intel PCH Rear Mic (/dev/input/event6)
[   177.196] (II) No input driver specified, ignoring this device.
[   177.196] (II) This device may have been added with another device file.
[   177.196] (II) config/udev: Adding input device HDA Intel PCH Line (/dev/input/event7)
[   177.196] (II) No input driver specified, ignoring this device.
[   177.196] (II) This device may have been added with another device file.
[   177.196] (II) config/udev: Adding input device HDA Intel PCH Line Out (/dev/input/event8)
[   177.196] (II) No input driver specified, ignoring this device.
[   177.196] (II) This device may have been added with another device file.
[   177.197] (II) config/udev: Adding input device HDA Intel PCH Front Headphone (/dev/input/event9)
[   177.197] (II) No input driver specified, ignoring this device.
[   177.197] (II) This device may have been added with another device file.
[   177.197] (II) config/udev: Adding input device AT Translated Set 2 keyboard (/dev/input/event2)
[   177.197] (**) AT Translated Set 2 keyboard: Applying InputClass "evdev keyboard catchall"
[   177.198] (II) systemd-logind: got fd for /dev/input/event2 13:66 fd 19 paused 0
[   177.198] (II) Using input driver 'evdev' for 'AT Translated Set 2 keyboard'
[   177.198] (**) AT Translated Set 2 keyboard: always reports core events
[   177.198] (**) evdev: AT Translated Set 2 keyboard: Device: "/dev/input/event2"
[   177.198] (--) evdev: AT Translated Set 2 keyboard: Vendor 0x1 Product 0x1
[   177.198] (--) evdev: AT Translated Set 2 keyboard: Found keys
[   177.198] (II) evdev: AT Translated Set 2 keyboard: Configuring as keyboard
[   177.198] (**) Option "config_info" "udev:/sys/devices/platform/i8042/serio0/input/input2/event2"
[   177.198] (II) XINPUT: Adding extended input device "AT Translated Set 2 keyboard" (type: KEYBOARD, id 10)
[   177.198] (**) Option "xkb_rules" "evdev"
[   177.198] (**) Option "xkb_model" "pc105"
[   177.198] (**) Option "xkb_layout" "us"
[   177.936] (II) intel(0): EDID vendor "WIP", prod id 49536
[   177.936] (II) intel(0): Using EDID range info for horizontal sync
[   177.936] (II) intel(0): Using EDID range info for vertical refresh
[   177.937] (II) intel(0): Printing DDC gathered Modelines:
[   177.937] (II) intel(0): Modeline "1366x768"x0.0   85.50  1366 1436 1579 1792  768 771 774 798 +hsync +vsync (47.7 kHz eP)
[   177.937] (II) intel(0): Modeline "800x600"x0.0   40.00  800 840 968 1056  600 601 605 628 +hsync +vsync (37.9 kHz e)
[   177.937] (II) intel(0): Modeline "800x600"x0.0   36.00  800 824 896 1024  600 601 603 625 +hsync +vsync (35.2 kHz e)
[   177.937] (II) intel(0): Modeline "640x480"x0.0   31.50  640 656 720 840  480 481 484 500 -hsync -vsync (37.5 kHz e)
[   177.937] (II) intel(0): Modeline "640x480"x0.0   31.50  640 664 704 832  480 489 492 520 -hsync -vsync (37.9 kHz e)
[   177.937] (II) intel(0): Modeline "640x480"x0.0   30.24  640 704 768 864  480 483 486 525 -hsync -vsync (35.0 kHz e)
[   177.937] (II) intel(0): Modeline "640x480"x0.0   25.18  640 656 752 800  480 490 492 525 -hsync -vsync (31.5 kHz e)
[   177.937] (II) intel(0): Modeline "720x400"x0.0   28.32  720 738 846 900  400 412 414 449 -hsync +vsync (31.5 kHz e)
[   177.937] (II) intel(0): Modeline "1024x768"x0.0   78.75  1024 1040 1136 1312  768 769 772 800 +hsync +vsync (60.0 kHz e)
[   177.937] (II) intel(0): Modeline "1024x768"x0.0   75.00  1024 1048 1184 1328  768 771 777 806 -hsync -vsync (56.5 kHz e)
[   177.937] (II) intel(0): Modeline "1024x768"x0.0   65.00  1024 1048 1184 1344  768 771 777 806 -hsync -vsync (48.4 kHz e)
[   177.937] (II) intel(0): Modeline "832x624"x0.0   57.28  832 864 928 1152  624 625 628 667 -hsync -vsync (49.7 kHz e)
[   177.937] (II) intel(0): Modeline "800x600"x0.0   49.50  800 816 896 1056  600 601 604 625 +hsync +vsync (46.9 kHz e)
[   177.937] (II) intel(0): Modeline "800x600"x0.0   50.00  800 856 976 1040  600 637 643 666 +hsync +vsync (48.1 kHz e)
[   177.937] (II) intel(0): Modeline "1280x720"x60.0   74.48  1280 1336 1472 1664  720 721 724 746 -hsync +vsync (44.8 kHz e)
